-------------------------------------------------------------------------------
Test set: com.bcopstein.Emprestimos.EmprestimosApplicationTests
-------------------------------------------------------------------------------
Tests run: 1, Failures: 0, Errors: 1, Skipped: 0, Time elapsed: 12.119 s <<< FAILURE! - in com.bcopstein.Emprestimos.EmprestimosApplicationTests
contextLoads  Time elapsed: 0.037 s  <<< ERROR!
java.lang.IllegalStateException: Failed to load ApplicationContext
Caused by: org.springframework.beans.factory.UnsatisfiedDependencyException: Error creating bean with name 'emprestimoController' defined in file [/home/21102596/Documents/Tarefa2Emprestimos/target/classes/com/bcopstein/Emprestimos/EmprestimoController.class]: Unsatisfied dependency expressed through constructor parameter 0; nested exception is org.springframework.beans.factory.NoSuchBeanDefinitionException: No qualifying bean of type 'com.bcopstein.Emprestimos.CalculoDeJuros' available: expected at least 1 bean which qualifies as autowire candidate. Dependency annotations: {}
Caused by: org.springframework.beans.factory.NoSuchBeanDefinitionException: No qualifying bean of type 'com.bcopstein.Emprestimos.CalculoDeJuros' available: expected at least 1 bean which qualifies as autowire candidate. Dependency annotations: {}

